
[0m[2m[35m$[0m [2m[1mnext build --webpack[0m
[baseline-browser-mapping] The data in this module is over two months old.  To ensure accurate Baseline data, please update: `npm i baseline-browser-mapping@latest -D`
   [1m[38;2;173;127;168m▲ Next.js 16.0.0[39m[22m (webpack)

 [33m[1m⚠[22m[39m The "middleware" file convention is deprecated. Please use "proxy" instead. Learn more: https://nextjs.org/docs/messages/middleware-to-proxy
 [37m[1m [22m[39m Creating an optimized production build ...
[baseline-browser-mapping] The data in this module is over two months old.  To ensure accurate Baseline data, please update: `npm i baseline-browser-mapping@latest -D`
[baseline-browser-mapping] The data in this module is over two months old.  To ensure accurate Baseline data, please update: `npm i baseline-browser-mapping@latest -D`
[baseline-browser-mapping] The data in this module is over two months old.  To ensure accurate Baseline data, please update: `npm i baseline-browser-mapping@latest -D`
 [32m[1m✓[22m[39m Compiled successfully in 8.8s
[?25l [37m[1m [22m[39m Running TypeScript  [36m.[39m[2K[1G[1A[2K[1G [37m[1m [22m[39m Running TypeScript  [36m..[39m[2K[1G[1A[2K[1G [37m[1m [22m[39m Running TypeScript  [36m...[39m[2K[1G[1A[2K[1G [37m[1m [22m[39m Running TypeScript  [36m.[39m[2K[1G[1A[2K[1G [37m[1m [22m[39m Running TypeScript  [36m..[39m[2K[1G[1A[2K[1G [37m[1m [22m[39m Running TypeScript  [36m...[39m[2K[1G[1A[2K[1G [37m[1m [22m[39m Running TypeScript  [36m.[39m[2K[1G[1A[2K[1G [37m[1m [22m[39m Running TypeScript  [36m..[39m[2K[1G[1A[2K[1G [37m[1m [22m[39m Running TypeScript  [36m...[39m[2K[1G[1A[2K[1G [37m[1m [22m[39m Running TypeScript  [36m.[39m[2K[1G[1A[2K[1G [37m[1m [22m[39m Running TypeScript  [36m..[39m[2K[1G[1A[2K[1G [37m[1m [22m[39m Running TypeScript  [36m...[39m[2K[1G[1A[2K[1G [37m[1m [22m[39m Running TypeScript  [36m.[39m[2K[1G[1A[2K[1G [37m[1m [22m[39m Running TypeScript  [36m..[39m[2K[1G[1A[2K[1G [37m[1m [22m[39m Running TypeScript  [36m...[39m[2K[1G[1A[2K[1G [37m[1m [22m[39m Running TypeScript  [36m.[39m[2K[1G[1A[2K[1G [37m[1m [22m[39m Running TypeScript  [36m..[39m[2K[1G[1A[2K[1G [37m[1m [22m[39m Running TypeScript  [36m...[39m[2K[1G[1A[2K[1G [37m[1m [22m[39m Running TypeScript  [36m.[39m[2K[1G[1A[2K[1G [37m[1m [22m[39m Running TypeScript  [36m..[39m[2K[1G[1A[2K[1G [37m[1m [22m[39m Running TypeScript  [36m...[39m[2K[1G[1A[2K[1G [37m[1m [22m[39m Running TypeScript  [36m.[39m[2K[1G[1A[2K[1G [37m[1m [22m[39m Running TypeScript  [36m..[39m[2K[1G[1A[2K[1G [37m[1m [22m[39m Running TypeScript  [36m...[39m[2K[1G[1A[2K[1G [37m[1m [22m[39m Running TypeScript  [36m.[39m[2K[1G[1A[2K[1G [37m[1m [22m[39m Running TypeScript  [36m..[39m[2K[1G[1A[2K[1G [37m[1m [22m[39m Running TypeScript  [36m...[39m[2K[1G[1A[2K[1G [37m[1m [22m[39m Running TypeScript  [36m.[39m[2K[1G[1A[2K[1G [37m[1m [22m[39m Running TypeScript  [36m..[39m[2K[1G[1A[2K[1G [37m[1m [22m[39m Running TypeScript  [36m...[39m[2K[1G[1A[2K[1G [37m[1m [22m[39m Running TypeScript  [36m.[39m[2K[1G[1A[2K[1G [37m[1m [22m[39m Running TypeScript  [36m..[39m[2K[1G[1A[2K[1G [37m[1m [22m[39m Running TypeScript  [36m...[39m[2K[1G[1A[2K[1G [37m[1m [22m[39m Running TypeScript  [36m.[39m[2K[1G[1A[2K[1G [37m[1m [22m[39m Running TypeScript  [36m..[39m[2K[1G[1A[2K[1G [37m[1m [22m[39m Running TypeScript  [36m...[39m[2K[1G[1A[2K[1G [37m[1m [22m[39m Running TypeScript  [36m.[39m[2K[1G[1A[2K[1G [37m[1m [22m[39m Running TypeScript  [36m..[39m[2K[1G[1A[2K[1G [37m[1m [22m[39m Running TypeScript  [36m...[39m[2K[1G[1A[2K[1G [37m[1m [22m[39m Running TypeScript  [36m.[39m[2K[1G[1A[2K[1G [37m[1m [22m[39m Running TypeScript  [36m..[39m[2K[1G[1A[2K[1G[?25h[?25l [37m[1m [22m[39m Finished TypeScript in 8.3s  [36m.[39m[2K[1G[1A[2K[1G[1A[2K[1G[?25h [37m[1m [22m[39m Finished TypeScript in 8.3s     [32m[1m✓[22m[39m Finished TypeScript in 8.3s 
[?25l [37m[1m [22m[39m Collecting page data  [36m.[39m[baseline-browser-mapping] The data in this module is over two months old.  To ensure accurate Baseline data, please update: `npm i baseline-browser-mapping@latest -D`
[baseline-browser-mapping] The data in this module is over two months old.  To ensure accurate Baseline data, please update: `npm i baseline-browser-mapping@latest -D`
[baseline-browser-mapping] The data in this module is over two months old.  To ensure accurate Baseline data, please update: `npm i baseline-browser-mapping@latest -D`
[baseline-browser-mapping] The data in this module is over two months old.  To ensure accurate Baseline data, please update: `npm i baseline-browser-mapping@latest -D`
[baseline-browser-mapping] The data in this module is over two months old.  To ensure accurate Baseline data, please update: `npm i baseline-browser-mapping@latest -D`
[baseline-browser-mapping] The data in this module is over two months old.  To ensure accurate Baseline data, please update: `npm i baseline-browser-mapping@latest -D`
[2K[1G[1A[2K[1G[1A[2K[1G [37m[1m [22m[39m Collecting page data  [36m..[39m[baseline-browser-mapping] The data in this module is over two months old.  To ensure accurate Baseline data, please update: `npm i baseline-browser-mapping@latest -D`
[2K[1G[1A[2K[1G[1A[2K[1G [37m[1m [22m[39m Collecting page data  [36m...[39m[2K[1G[1A[2K[1G[1A[2K[1G [37m[1m [22m[39m Collecting page data  [36m.[39m[2K[1G[1A[2K[1G[1A[2K[1G [37m[1m [22m[39m Collecting page data  [36m..[39m[2K[1G[1A[2K[1G[1A[2K[1G[?25h [37m[1m [22m[39m Collecting page data in 824.9ms     [32m[1m✓[22m[39m Collecting page data in 824.9ms 
[?25l [37m[1m [22m[39m Generating static pages (0/23)  [36m[    ][39m[2K[1G[1A[2K[1G[1A[2K[1G [37m[1m [22m[39m Generating static pages (0/23)  [36m[=   ][39m[2K[1G[1A[2K[1G[1A[2K[1G[?25h[baseline-browser-mapping] The data in this module is over two months old.  To ensure accurate Baseline data, please update: `npm i baseline-browser-mapping@latest -D`
[?25h [32m[1m✓[22m[39m Generating static pages (23/23) in 1822.7ms
[?25l [37m[1m [22m[39m Finalizing page optimization  [36m.[39m[?25l [37m[1m [22m[39m Collecting build traces  [36m.[39m[2K[1G[1A[2K[1G[1A[2K[1G [37m[1m [22m[39m Finalizing page optimization  [36m..[39m[2K[1G[1A[2K[1G[1A[2K[1G [37m[1m [22m[39m Collecting build traces  [36m..[39m[2K[1G[1A[2K[1G[1A[2K[1G [37m[1m [22m[39m Finalizing page optimization  [36m...[39m[2K[1G[1A[2K[1G[1A[2K[1G [37m[1m [22m[39m Collecting build traces  [36m...[39m[2K[1G[1A[2K[1G[1A[2K[1G [37m[1m [22m[39m Finalizing page optimization  [36m.[39m[2K[1G[1A[2K[1G[1A[2K[1G [37m[1m [22m[39m Collecting build traces  [36m.[39m[2K[1G[1A[2K[1G[1A[2K[1G [37m[1m [22m[39m Finalizing page optimization  [36m..[39m[2K[1G[1A[2K[1G[1A[2K[1G [37m[1m [22m[39m Collecting build traces  [36m..[39m[2K[1G[1A[2K[1G[1A[2K[1G [37m[1m [22m[39m Finalizing page optimization  [36m...[39m[2K[1G[1A[2K[1G[1A[2K[1G [37m[1m [22m[39m Collecting build traces  [36m...[39m[2K[1G[1A[2K[1G[1A[2K[1G [37m[1m [22m[39m Finalizing page optimization  [36m.[39m[2K[1G[1A[2K[1G[1A[2K[1G [37m[1m [22m[39m Collecting build traces  [36m.[39m[2K[1G[1A[2K[1G[1A[2K[1G [37m[1m [22m[39m Finalizing page optimization  [36m..[39m[2K[1G[1A[2K[1G[1A[2K[1G [37m[1m [22m[39m Collecting build traces  [36m..[39m[2K[1G[1A[2K[1G[1A[2K[1G [37m[1m [22m[39m Finalizing page optimization  [36m...[39m[2K[1G[1A[2K[1G[1A[2K[1G [37m[1m [22m[39m Collecting build traces  [36m...[39m[2K[1G[1A[2K[1G[1A[2K[1G [37m[1m [22m[39m Finalizing page optimization  [36m.[39m[2K[1G[1A[2K[1G[1A[2K[1G [37m[1m [22m[39m Collecting build traces  [36m.[39m[2K[1G[1A[2K[1G[1A[2K[1G [37m[1m [22m[39m Finalizing page optimization  [36m..[39m[2K[1G[1A[2K[1G[1A[2K[1G [37m[1m [22m[39m Collecting build traces  [36m..[39m[2K[1G[1A[2K[1G[1A[2K[1G [37m[1m [22m[39m Finalizing page optimization  [36m...[39m[2K[1G[1A[2K[1G[1A[2K[1G [37m[1m [22m[39m Collecting build traces  [36m...[39m[2K[1G[1A[2K[1G[1A[2K[1G [37m[1m [22m[39m Finalizing page optimization  [36m.[39m[2K[1G[1A[2K[1G[1A[2K[1G [37m[1m [22m[39m Collecting build traces  [36m.[39m[2K[1G[1A[2K[1G[1A[2K[1G [37m[1m [22m[39m Finalizing page optimization  [36m..[39m[2K[1G[1A[2K[1G[1A[2K[1G [37m[1m [22m[39m Collecting build traces  [36m..[39m[2K[1G[1A[2K[1G[1A[2K[1G [37m[1m [22m[39m Finalizing page optimization  [36m...[39m[2K[1G[1A[2K[1G[1A[2K[1G [37m[1m [22m[39m Collecting build traces  [36m...[39m[2K[1G[1A[2K[1G[1A[2K[1G [37m[1m [22m[39m Finalizing page optimization  [36m.[39m[2K[1G[1A[2K[1G[1A[2K[1G [37m[1m [22m[39m Collecting build traces  [36m.[39m[2K[1G[1A[2K[1G[1A[2K[1G [37m[1m [22m[39m Finalizing page optimization  [36m..[39m[2K[1G[1A[2K[1G[1A[2K[1G [37m[1m [22m[39m Collecting build traces  [36m..[39m[2K[1G[1A[2K[1G[1A[2K[1G [37m[1m [22m[39m Finalizing page optimization  [36m...[39m[2K[1G[1A[2K[1G[1A[2K[1G [37m[1m [22m[39m Collecting build traces  [36m...[39m[2K[1G[1A[2K[1G[1A[2K[1G [37m[1m [22m[39m Finalizing page optimization  [36m.[39m[2K[1G[1A[2K[1G[1A[2K[1G [37m[1m [22m[39m Collecting build traces  [36m.[39m[2K[1G[1A[2K[1G[1A[2K[1G [37m[1m [22m[39m Finalizing page optimization  [36m..[39m[2K[1G[1A[2K[1G[1A[2K[1G [37m[1m [22m[39m Collecting build traces  [36m..[39m[2K[1G[1A[2K[1G[1A[2K[1G [37m[1m [22m[39m Finalizing page optimization  [36m...[39m[2K[1G[1A[2K[1G[1A[2K[1G [37m[1m [22m[39m Collecting build traces  [36m...[39m[2K[1G[1A[2K[1G[1A[2K[1G [37m[1m [22m[39m Finalizing page optimization  [36m.[39m[2K[1G[1A[2K[1G[1A[2K[1G [37m[1m [22m[39m Collecting build traces  [36m.[39m[2K[1G[1A[2K[1G[1A[2K[1G[?25h [37m[1m [22m[39m Collecting build traces in 6.6s     [32m[1m✓[22m[39m Collecting build traces in 6.6s 
[2K[1G[1A[2K[1G[1A[2K[1G[?25h [37m[1m [22m[39m Finalizing page optimization in 6.6s     [32m[1m✓[22m[39m Finalizing page optimization in 6.6s 

[4mRoute (app)[24m
┌ ○ /
├ ○ /_not-found
├ ○ /admin/announcements
├ ○ /admin/dashboard
├ ○ /admin/deposits
├ ○ /admin/investments
├ ○ /admin/logs
├ ○ /admin/plans
├ ○ /admin/support
├ ○ /admin/transactions
├ ○ /admin/users
├ ○ /admin/withdrawals
├ ƒ /api/auth/otp/resend
├ ƒ /api/auth/otp/verify
├ ○ /dashboard
├ ○ /deposit
├ ○ /login
├ ○ /otp
├ ○ /signup
├ ○ /transfer
└ ○ /withdrawal


ƒ Proxy (Middleware)

○  (Static)   prerendered as static content
ƒ  (Dynamic)  server-rendered on demand

[?25h
